Let(
    Block(
        [
            Const(
                "shift",
                Operator(
                    "-",
                    Call(
                        "ord",
                        [
                            Char(
                                'a',
                            ),
                        ],
                    ),
                    Call(
                        "ord",
                        [
                            Char(
                                'A',
                            ),
                        ],
                    ),
                ),
            ),
            Var(
                "i",
                "integer",
            ),
            Func(
                "capital",
                [
                    Var(
                        "chr",
                        "Char",
                    ),
                ],
                "Boolean",
                Operator(
                    "/\\\\",
                    Expression(
                        Operator(
                            "<=",
                            Call(
                                "ord",
                                [
                                    Char(
                                        'A',
                                    ),
                                ],
                            ),
                            Call(
                                "ord",
                                [
                                    Identifier(
                                        "ch",
                                    ),
                                ],
                            ),
                        ),
                    ),
                    Expression(
                        Operator(
                            "<=",
                            Call(
                                "ord",
                                [
                                    Identifier(
                                        "ch",
                                    ),
                                ],
                            ),
                            Call(
                                "ord",
                                [
                                    Char(
                                        'Z',
                                    ),
                                ],
                            ),
                        ),
                    ),
                ),
            ),
        ],
    ),
    Block(
        [
            Assign(
                [
                    "a",
                ],
                Operator(
                    "+",
                    Identifier(
                        "a",
                    ),
                    Number(
                        1,
                    ),
                ),
            ),
            If(
                Call(
                    "capital",
                    [
                        Identifier(
                            "current",
                        ),
                    ],
                ),
                Call(
                    "chr",
                    [
                        Operator(
                            "+",
                            Call(
                                "ord",
                                [
                                    Identifier(
                                        "current",
                                    ),
                                ],
                            ),
                            Identifier(
                                "shift",
                            ),
                        ),
                    ],
                ),
                Assign(
                    [
                        "current",
                    ],
                    Number(
                        3,
                    ),
                ),
            ),
        ],
    ),
)