Token { Tipo: Identifier, Lexema: 'Token', Ln: 1, Col: 1 }
Token { Tipo: LeftBrace, Lexema: '{', Ln: 1, Col: 7 }
Token { Tipo: Identifier, Lexema: 'Tipo', Ln: 1, Col: 9 }
Token { Tipo: Colon, Lexema: ':', Ln: 1, Col: 13 }
Token { Tipo: Identifier, Lexema: 'Identifier', Ln: 1, Col: 15 }
Token { Tipo: Comma, Lexema: ',', Ln: 1, Col: 25 }
Token { Tipo: Identifier, Lexema: 'Lexema', Ln: 1, Col: 27 }
Token { Tipo: Colon, Lexema: ':', Ln: 1, Col: 33 }
Token { Tipo: CharLiteral, Lexema: 'h', Ln: 1, Col: 35 }
Token { Tipo: Identifier, Lexema: 'la', Ln: 1, Col: 38 }
Token { Tipo: CharLiteral, Lexema: ',', Ln: 1, Col: 40 }
Token { Tipo: Identifier, Lexema: 'Ln', Ln: 1, Col: 43 }
Token { Tipo: Colon, Lexema: ':', Ln: 1, Col: 45 }
Token { Tipo: IntegerLiteral, Lexema: '1', Ln: 1, Col: 47 }
Token { Tipo: Comma, Lexema: ',', Ln: 1, Col: 48 }
Token { Tipo: Identifier, Lexema: 'Col', Ln: 1, Col: 50 }
Token { Tipo: Colon, Lexema: ':', Ln: 1, Col: 53 }
Token { Tipo: IntegerLiteral, Lexema: '1', Ln: 1, Col: 55 }
Token { Tipo: RightBrace, Lexema: '}', Ln: 1, Col: 57 }
Token { Tipo: Identifier, Lexema: 'Token', Ln: 2, Col: 1 }
Token { Tipo: LeftBrace, Lexema: '{', Ln: 2, Col: 7 }
Token { Tipo: Identifier, Lexema: 'Tipo', Ln: 2, Col: 9 }
Token { Tipo: Colon, Lexema: ':', Ln: 2, Col: 13 }
Token { Tipo: Identifier, Lexema: 'Identifier', Ln: 2, Col: 15 }
Token { Tipo: Comma, Lexema: ',', Ln: 2, Col: 25 }
Token { Tipo: Identifier, Lexema: 'Lexema', Ln: 2, Col: 27 }
Token { Tipo: Colon, Lexema: ':', Ln: 2, Col: 33 }
Token { Tipo: CharLiteral, Lexema: 'm', Ln: 2, Col: 35 }
Token { Tipo: Identifier, Lexema: 'ndo', Ln: 2, Col: 38 }
Token { Tipo: CharLiteral, Lexema: ',', Ln: 2, Col: 41 }
Token { Tipo: Identifier, Lexema: 'Ln', Ln: 2, Col: 44 }
Token { Tipo: Colon, Lexema: ':', Ln: 2, Col: 46 }
Token { Tipo: IntegerLiteral, Lexema: '1', Ln: 2, Col: 48 }
Token { Tipo: Comma, Lexema: ',', Ln: 2, Col: 49 }
Token { Tipo: Identifier, Lexema: 'Col', Ln: 2, Col: 51 }
Token { Tipo: Colon, Lexema: ':', Ln: 2, Col: 54 }
Token { Tipo: IntegerLiteral, Lexema: '6', Ln: 2, Col: 56 }
Token { Tipo: RightBrace, Lexema: '}', Ln: 2, Col: 58 }
Token { Tipo: Identifier, Lexema: 'Token', Ln: 3, Col: 1 }
Token { Tipo: LeftBrace, Lexema: '{', Ln: 3, Col: 7 }
Token { Tipo: Identifier, Lexema: 'Tipo', Ln: 3, Col: 9 }
Token { Tipo: Colon, Lexema: ':', Ln: 3, Col: 13 }
Token { Tipo: Identifier, Lexema: 'IntegerLiteral', Ln: 3, Col: 15 }
Token { Tipo: Comma, Lexema: ',', Ln: 3, Col: 29 }
Token { Tipo: Identifier, Lexema: 'Lexema', Ln: 3, Col: 31 }
Token { Tipo: Colon, Lexema: ':', Ln: 3, Col: 37 }
Token { Tipo: CharLiteral, Lexema: '2', Ln: 3, Col: 39 }
Token { Tipo: IntegerLiteral, Lexema: '4', Ln: 3, Col: 42 }
Token { Tipo: CharLiteral, Lexema: ',', Ln: 3, Col: 43 }
Token { Tipo: Identifier, Lexema: 'Ln', Ln: 3, Col: 46 }
Token { Tipo: Colon, Lexema: ':', Ln: 3, Col: 48 }
Token { Tipo: IntegerLiteral, Lexema: '1', Ln: 3, Col: 50 }
Token { Tipo: Comma, Lexema: ',', Ln: 3, Col: 51 }
Token { Tipo: Identifier, Lexema: 'Col', Ln: 3, Col: 53 }
Token { Tipo: Colon, Lexema: ':', Ln: 3, Col: 56 }
Token { Tipo: IntegerLiteral, Lexema: '12', Ln: 3, Col: 58 }
Token { Tipo: RightBrace, Lexema: '}', Ln: 3, Col: 61 }
Token { Tipo: Identifier, Lexema: 'Token', Ln: 4, Col: 1 }
Token { Tipo: LeftBrace, Lexema: '{', Ln: 4, Col: 7 }
Token { Tipo: Identifier, Lexema: 'Tipo', Ln: 4, Col: 9 }
Token { Tipo: Colon, Lexema: ':', Ln: 4, Col: 13 }
Token { Tipo: Identifier, Lexema: 'Semicolon', Ln: 4, Col: 15 }
Token { Tipo: Comma, Lexema: ',', Ln: 4, Col: 24 }
Token { Tipo: Identifier, Lexema: 'Lexema', Ln: 4, Col: 26 }
Token { Tipo: Colon, Lexema: ':', Ln: 4, Col: 32 }
Token { Tipo: CharLiteral, Lexema: ';', Ln: 4, Col: 34 }
Token { Tipo: Comma, Lexema: ',', Ln: 4, Col: 37 }
Token { Tipo: Identifier, Lexema: 'Ln', Ln: 4, Col: 39 }
Token { Tipo: Colon, Lexema: ':', Ln: 4, Col: 41 }
Token { Tipo: IntegerLiteral, Lexema: '1', Ln: 4, Col: 43 }
Token { Tipo: Comma, Lexema: ',', Ln: 4, Col: 44 }
Token { Tipo: Identifier, Lexema: 'Col', Ln: 4, Col: 46 }
Token { Tipo: Colon, Lexema: ':', Ln: 4, Col: 49 }
Token { Tipo: IntegerLiteral, Lexema: '15', Ln: 4, Col: 51 }
Token { Tipo: RightBrace, Lexema: '}', Ln: 4, Col: 54 }
Token { Tipo: Identifier, Lexema: 'Token', Ln: 5, Col: 1 }
Token { Tipo: LeftBrace, Lexema: '{', Ln: 5, Col: 7 }
Token { Tipo: Identifier, Lexema: 'Tipo', Ln: 5, Col: 9 }
Token { Tipo: Colon, Lexema: ':', Ln: 5, Col: 13 }
Token { Tipo: Identifier, Lexema: 'LeftParen', Ln: 5, Col: 15 }
Token { Tipo: Comma, Lexema: ',', Ln: 5, Col: 24 }
Token { Tipo: Identifier, Lexema: 'Lexema', Ln: 5, Col: 26 }
Token { Tipo: Colon, Lexema: ':', Ln: 5, Col: 32 }
Token { Tipo: CharLiteral, Lexema: '(', Ln: 5, Col: 34 }
Token { Tipo: Comma, Lexema: ',', Ln: 5, Col: 37 }
Token { Tipo: Identifier, Lexema: 'Ln', Ln: 5, Col: 39 }
Token { Tipo: Colon, Lexema: ':', Ln: 5, Col: 41 }
Token { Tipo: IntegerLiteral, Lexema: '2', Ln: 5, Col: 43 }
Token { Tipo: Comma, Lexema: ',', Ln: 5, Col: 44 }
Token { Tipo: Identifier, Lexema: 'Col', Ln: 5, Col: 46 }
Token { Tipo: Colon, Lexema: ':', Ln: 5, Col: 49 }
Token { Tipo: IntegerLiteral, Lexema: '1', Ln: 5, Col: 51 }
Token { Tipo: RightBrace, Lexema: '}', Ln: 5, Col: 53 }
Token { Tipo: Identifier, Lexema: 'Token', Ln: 6, Col: 1 }
Token { Tipo: LeftBrace, Lexema: '{', Ln: 6, Col: 7 }
Token { Tipo: Identifier, Lexema: 'Tipo', Ln: 6, Col: 9 }
Token { Tipo: Colon, Lexema: ':', Ln: 6, Col: 13 }
Token { Tipo: Identifier, Lexema: 'IntegerLiteral', Ln: 6, Col: 15 }
Token { Tipo: Comma, Lexema: ',', Ln: 6, Col: 29 }
Token { Tipo: Identifier, Lexema: 'Lexema', Ln: 6, Col: 31 }
Token { Tipo: Colon, Lexema: ':', Ln: 6, Col: 37 }
Token { Tipo: CharLiteral, Lexema: '3', Ln: 6, Col: 39 }
Token { Tipo: IntegerLiteral, Lexema: '4', Ln: 6, Col: 42 }
Token { Tipo: CharLiteral, Lexema: ',', Ln: 6, Col: 43 }
Token { Tipo: Identifier, Lexema: 'Ln', Ln: 6, Col: 46 }
Token { Tipo: Colon, Lexema: ':', Ln: 6, Col: 48 }
Token { Tipo: IntegerLiteral, Lexema: '2', Ln: 6, Col: 50 }
Token { Tipo: Comma, Lexema: ',', Ln: 6, Col: 51 }
Token { Tipo: Identifier, Lexema: 'Col', Ln: 6, Col: 53 }
Token { Tipo: Colon, Lexema: ':', Ln: 6, Col: 56 }
Token { Tipo: IntegerLiteral, Lexema: '2', Ln: 6, Col: 58 }
Token { Tipo: RightBrace, Lexema: '}', Ln: 6, Col: 60 }
Token { Tipo: Identifier, Lexema: 'Token', Ln: 7, Col: 1 }
Token { Tipo: LeftBrace, Lexema: '{', Ln: 7, Col: 7 }
Token { Tipo: Identifier, Lexema: 'Tipo', Ln: 7, Col: 9 }
Token { Tipo: Colon, Lexema: ':', Ln: 7, Col: 13 }
Token { Tipo: Identifier, Lexema: 'RightParen', Ln: 7, Col: 15 }
Token { Tipo: Comma, Lexema: ',', Ln: 7, Col: 25 }
Token { Tipo: Identifier, Lexema: 'Lexema', Ln: 7, Col: 27 }
Token { Tipo: Colon, Lexema: ':', Ln: 7, Col: 33 }
Token { Tipo: CharLiteral, Lexema: ')', Ln: 7, Col: 35 }
Token { Tipo: Comma, Lexema: ',', Ln: 7, Col: 38 }
Token { Tipo: Identifier, Lexema: 'Ln', Ln: 7, Col: 40 }
Token { Tipo: Colon, Lexema: ':', Ln: 7, Col: 42 }
Token { Tipo: IntegerLiteral, Lexema: '2', Ln: 7, Col: 44 }
Token { Tipo: Comma, Lexema: ',', Ln: 7, Col: 45 }
Token { Tipo: Identifier, Lexema: 'Col', Ln: 7, Col: 47 }
Token { Tipo: Colon, Lexema: ':', Ln: 7, Col: 50 }
Token { Tipo: IntegerLiteral, Lexema: '5', Ln: 7, Col: 52 }
Token { Tipo: RightBrace, Lexema: '}', Ln: 7, Col: 54 }
Token { Tipo: Identifier, Lexema: 'Token', Ln: 8, Col: 1 }
Token { Tipo: LeftBrace, Lexema: '{', Ln: 8, Col: 7 }
Token { Tipo: Identifier, Lexema: 'Tipo', Ln: 8, Col: 9 }
Token { Tipo: Colon, Lexema: ':', Ln: 8, Col: 13 }
Token { Tipo: Identifier, Lexema: 'Operator', Ln: 8, Col: 15 }
Token { Tipo: Comma, Lexema: ',', Ln: 8, Col: 23 }
Token { Tipo: Identifier, Lexema: 'Lexema', Ln: 8, Col: 25 }
Token { Tipo: Colon, Lexema: ':', Ln: 8, Col: 31 }
Token { Tipo: CharLiteral, Lexema: '+', Ln: 8, Col: 33 }
Token { Tipo: Comma, Lexema: ',', Ln: 8, Col: 36 }
Token { Tipo: Identifier, Lexema: 'Ln', Ln: 8, Col: 38 }
Token { Tipo: Colon, Lexema: ':', Ln: 8, Col: 40 }
Token { Tipo: IntegerLiteral, Lexema: '2', Ln: 8, Col: 42 }
Token { Tipo: Comma, Lexema: ',', Ln: 8, Col: 43 }
Token { Tipo: Identifier, Lexema: 'Col', Ln: 8, Col: 45 }
Token { Tipo: Colon, Lexema: ':', Ln: 8, Col: 48 }
Token { Tipo: IntegerLiteral, Lexema: '7', Ln: 8, Col: 50 }
Token { Tipo: RightBrace, Lexema: '}', Ln: 8, Col: 52 }
Token { Tipo: Identifier, Lexema: 'Token', Ln: 9, Col: 1 }
Token { Tipo: LeftBrace, Lexema: '{', Ln: 9, Col: 7 }
Token { Tipo: Identifier, Lexema: 'Tipo', Ln: 9, Col: 9 }
Token { Tipo: Colon, Lexema: ':', Ln: 9, Col: 13 }
Token { Tipo: Identifier, Lexema: 'IntegerLiteral', Ln: 9, Col: 15 }
Token { Tipo: Comma, Lexema: ',', Ln: 9, Col: 29 }
Token { Tipo: Identifier, Lexema: 'Lexema', Ln: 9, Col: 31 }
Token { Tipo: Colon, Lexema: ':', Ln: 9, Col: 37 }
Token { Tipo: CharLiteral, Lexema: '9', Ln: 9, Col: 39 }
Token { Tipo: IntegerLiteral, Lexema: '8', Ln: 9, Col: 42 }
Token { Tipo: CharLiteral, Lexema: ',', Ln: 9, Col: 43 }
Token { Tipo: Identifier, Lexema: 'Ln', Ln: 9, Col: 46 }
Token { Tipo: Colon, Lexema: ':', Ln: 9, Col: 48 }
Token { Tipo: IntegerLiteral, Lexema: '2', Ln: 9, Col: 50 }
Token { Tipo: Comma, Lexema: ',', Ln: 9, Col: 51 }
Token { Tipo: Identifier, Lexema: 'Col', Ln: 9, Col: 53 }
Token { Tipo: Colon, Lexema: ':', Ln: 9, Col: 56 }
Token { Tipo: IntegerLiteral, Lexema: '9', Ln: 9, Col: 58 }
Token { Tipo: RightBrace, Lexema: '}', Ln: 9, Col: 60 }
Token { Tipo: Identifier, Lexema: 'Token', Ln: 10, Col: 1 }
Token { Tipo: LeftBrace, Lexema: '{', Ln: 10, Col: 7 }
Token { Tipo: Identifier, Lexema: 'Tipo', Ln: 10, Col: 9 }
Token { Tipo: Colon, Lexema: ':', Ln: 10, Col: 13 }
Token { Tipo: Identifier, Lexema: 'Operator', Ln: 10, Col: 15 }
Token { Tipo: Comma, Lexema: ',', Ln: 10, Col: 23 }
Token { Tipo: Identifier, Lexema: 'Lexema', Ln: 10, Col: 25 }
Token { Tipo: Colon, Lexema: ':', Ln: 10, Col: 31 }
Token { Tipo: CharLiteral, Lexema: '*', Ln: 10, Col: 33 }
Token { Tipo: Comma, Lexema: ',', Ln: 10, Col: 36 }
Token { Tipo: Identifier, Lexema: 'Ln', Ln: 10, Col: 38 }
Token { Tipo: Colon, Lexema: ':', Ln: 10, Col: 40 }
Token { Tipo: IntegerLiteral, Lexema: '2', Ln: 10, Col: 42 }
Token { Tipo: Comma, Lexema: ',', Ln: 10, Col: 43 }
Token { Tipo: Identifier, Lexema: 'Col', Ln: 10, Col: 45 }
Token { Tipo: Colon, Lexema: ':', Ln: 10, Col: 48 }
Token { Tipo: IntegerLiteral, Lexema: '13', Ln: 10, Col: 50 }
Token { Tipo: RightBrace, Lexema: '}', Ln: 10, Col: 53 }
Token { Tipo: Identifier, Lexema: 'Token', Ln: 11, Col: 1 }
Token { Tipo: LeftBrace, Lexema: '{', Ln: 11, Col: 7 }
Token { Tipo: Identifier, Lexema: 'Tipo', Ln: 11, Col: 9 }
Token { Tipo: Colon, Lexema: ':', Ln: 11, Col: 13 }
Token { Tipo: Identifier, Lexema: 'IntegerLiteral', Ln: 11, Col: 15 }
Token { Tipo: Comma, Lexema: ',', Ln: 11, Col: 29 }
Token { Tipo: Identifier, Lexema: 'Lexema', Ln: 11, Col: 31 }
Token { Tipo: Colon, Lexema: ':', Ln: 11, Col: 37 }
Token { Tipo: CharLiteral, Lexema: '3', Ln: 11, Col: 39 }
Token { Tipo: IntegerLiteral, Lexema: '24', Ln: 11, Col: 42 }
Token { Tipo: CharLiteral, Lexema: ',', Ln: 11, Col: 44 }
Token { Tipo: Identifier, Lexema: 'Ln', Ln: 11, Col: 47 }
Token { Tipo: Colon, Lexema: ':', Ln: 11, Col: 49 }
Token { Tipo: IntegerLiteral, Lexema: '3', Ln: 11, Col: 51 }
Token { Tipo: Comma, Lexema: ',', Ln: 11, Col: 52 }
Token { Tipo: Identifier, Lexema: 'Col', Ln: 11, Col: 54 }
Token { Tipo: Colon, Lexema: ':', Ln: 11, Col: 57 }
Token { Tipo: IntegerLiteral, Lexema: '15', Ln: 11, Col: 59 }
Token { Tipo: RightBrace, Lexema: '}', Ln: 11, Col: 62 }
Token { Tipo: Identifier, Lexema: 'Token', Ln: 12, Col: 1 }
Token { Tipo: LeftBrace, Lexema: '{', Ln: 12, Col: 7 }
Token { Tipo: Identifier, Lexema: 'Tipo', Ln: 12, Col: 9 }
Token { Tipo: Colon, Lexema: ':', Ln: 12, Col: 13 }
Token { Tipo: Identifier, Lexema: 'Func', Ln: 12, Col: 15 }
Token { Tipo: Comma, Lexema: ',', Ln: 12, Col: 19 }
Token { Tipo: Identifier, Lexema: 'Lexema', Ln: 12, Col: 21 }
Token { Tipo: Colon, Lexema: ':', Ln: 12, Col: 27 }
Token { Tipo: CharLiteral, Lexema: 'f', Ln: 12, Col: 29 }
Token { Tipo: Identifier, Lexema: 'nc', Ln: 12, Col: 32 }
Token { Tipo: CharLiteral, Lexema: ',', Ln: 12, Col: 34 }
Token { Tipo: Identifier, Lexema: 'Ln', Ln: 12, Col: 37 }
Token { Tipo: Colon, Lexema: ':', Ln: 12, Col: 39 }
Token { Tipo: IntegerLiteral, Lexema: '5', Ln: 12, Col: 41 }
Token { Tipo: Comma, Lexema: ',', Ln: 12, Col: 42 }
Token { Tipo: Identifier, Lexema: 'Col', Ln: 12, Col: 44 }
Token { Tipo: Colon, Lexema: ':', Ln: 12, Col: 47 }
Token { Tipo: IntegerLiteral, Lexema: '1', Ln: 12, Col: 49 }
Token { Tipo: RightBrace, Lexema: '}', Ln: 12, Col: 51 }
Token { Tipo: Identifier, Lexema: 'Token', Ln: 13, Col: 1 }
Token { Tipo: LeftBrace, Lexema: '{', Ln: 13, Col: 7 }
Token { Tipo: Identifier, Lexema: 'Tipo', Ln: 13, Col: 9 }
Token { Tipo: Colon, Lexema: ':', Ln: 13, Col: 13 }
Token { Tipo: Identifier, Lexema: 'Identifier', Ln: 13, Col: 15 }
Token { Tipo: Comma, Lexema: ',', Ln: 13, Col: 25 }
Token { Tipo: Identifier, Lexema: 'Lexema', Ln: 13, Col: 27 }
Token { Tipo: Colon, Lexema: ':', Ln: 13, Col: 33 }
Token { Tipo: CharLiteral, Lexema: 'p', Ln: 13, Col: 35 }
Token { Tipo: Identifier, Lexema: 'ueba', Ln: 13, Col: 38 }
Token { Tipo: CharLiteral, Lexema: ',', Ln: 13, Col: 42 }
Token { Tipo: Identifier, Lexema: 'Ln', Ln: 13, Col: 45 }
Token { Tipo: Colon, Lexema: ':', Ln: 13, Col: 47 }
Token { Tipo: IntegerLiteral, Lexema: '5', Ln: 13, Col: 49 }
Token { Tipo: Comma, Lexema: ',', Ln: 13, Col: 50 }
Token { Tipo: Identifier, Lexema: 'Col', Ln: 13, Col: 52 }
Token { Tipo: Colon, Lexema: ':', Ln: 13, Col: 55 }
Token { Tipo: IntegerLiteral, Lexema: '6', Ln: 13, Col: 57 }
Token { Tipo: RightBrace, Lexema: '}', Ln: 13, Col: 59 }
Token { Tipo: Identifier, Lexema: 'Token', Ln: 14, Col: 1 }
Token { Tipo: LeftBrace, Lexema: '{', Ln: 14, Col: 7 }
Token { Tipo: Identifier, Lexema: 'Tipo', Ln: 14, Col: 9 }
Token { Tipo: Colon, Lexema: ':', Ln: 14, Col: 13 }
Token { Tipo: Identifier, Lexema: 'LeftParen', Ln: 14, Col: 15 }
Token { Tipo: Comma, Lexema: ',', Ln: 14, Col: 24 }
Token { Tipo: Identifier, Lexema: 'Lexema', Ln: 14, Col: 26 }
Token { Tipo: Colon, Lexema: ':', Ln: 14, Col: 32 }
Token { Tipo: CharLiteral, Lexema: '(', Ln: 14, Col: 34 }
Token { Tipo: Comma, Lexema: ',', Ln: 14, Col: 37 }
Token { Tipo: Identifier, Lexema: 'Ln', Ln: 14, Col: 39 }
Token { Tipo: Colon, Lexema: ':', Ln: 14, Col: 41 }
Token { Tipo: IntegerLiteral, Lexema: '5', Ln: 14, Col: 43 }
Token { Tipo: Comma, Lexema: ',', Ln: 14, Col: 44 }
Token { Tipo: Identifier, Lexema: 'Col', Ln: 14, Col: 46 }
Token { Tipo: Colon, Lexema: ':', Ln: 14, Col: 49 }
Token { Tipo: IntegerLiteral, Lexema: '12', Ln: 14, Col: 51 }
Token { Tipo: RightBrace, Lexema: '}', Ln: 14, Col: 54 }
Token { Tipo: Identifier, Lexema: 'Token', Ln: 15, Col: 1 }
Token { Tipo: LeftBrace, Lexema: '{', Ln: 15, Col: 7 }
Token { Tipo: Identifier, Lexema: 'Tipo', Ln: 15, Col: 9 }
Token { Tipo: Colon, Lexema: ':', Ln: 15, Col: 13 }
Token { Tipo: Identifier, Lexema: 'RightParen', Ln: 15, Col: 15 }
Token { Tipo: Comma, Lexema: ',', Ln: 15, Col: 25 }
Token { Tipo: Identifier, Lexema: 'Lexema', Ln: 15, Col: 27 }
Token { Tipo: Colon, Lexema: ':', Ln: 15, Col: 33 }
Token { Tipo: CharLiteral, Lexema: ')', Ln: 15, Col: 35 }
Token { Tipo: Comma, Lexema: ',', Ln: 15, Col: 38 }
Token { Tipo: Identifier, Lexema: 'Ln', Ln: 15, Col: 40 }
Token { Tipo: Colon, Lexema: ':', Ln: 15, Col: 42 }
Token { Tipo: IntegerLiteral, Lexema: '5', Ln: 15, Col: 44 }
Token { Tipo: Comma, Lexema: ',', Ln: 15, Col: 45 }
Token { Tipo: Identifier, Lexema: 'Col', Ln: 15, Col: 47 }
Token { Tipo: Colon, Lexema: ':', Ln: 15, Col: 50 }
Token { Tipo: IntegerLiteral, Lexema: '13', Ln: 15, Col: 52 }
Token { Tipo: RightBrace, Lexema: '}', Ln: 15, Col: 55 }
Token { Tipo: Identifier, Lexema: 'Token', Ln: 16, Col: 1 }
Token { Tipo: LeftBrace, Lexema: '{', Ln: 16, Col: 7 }
Token { Tipo: Identifier, Lexema: 'Tipo', Ln: 16, Col: 9 }
Token { Tipo: Colon, Lexema: ':', Ln: 16, Col: 13 }
Token { Tipo: Identifier, Lexema: 'Semicolon', Ln: 16, Col: 15 }
Token { Tipo: Comma, Lexema: ',', Ln: 16, Col: 24 }
Token { Tipo: Identifier, Lexema: 'Lexema', Ln: 16, Col: 26 }
Token { Tipo: Colon, Lexema: ':', Ln: 16, Col: 32 }
Token { Tipo: CharLiteral, Lexema: ';', Ln: 16, Col: 34 }
Token { Tipo: Comma, Lexema: ',', Ln: 16, Col: 37 }
Token { Tipo: Identifier, Lexema: 'Ln', Ln: 16, Col: 39 }
Token { Tipo: Colon, Lexema: ':', Ln: 16, Col: 41 }
Token { Tipo: IntegerLiteral, Lexema: '5', Ln: 16, Col: 43 }
Token { Tipo: Comma, Lexema: ',', Ln: 16, Col: 44 }
Token { Tipo: Identifier, Lexema: 'Col', Ln: 16, Col: 46 }
Token { Tipo: Colon, Lexema: ':', Ln: 16, Col: 49 }
Token { Tipo: IntegerLiteral, Lexema: '14', Ln: 16, Col: 51 }
Token { Tipo: RightBrace, Lexema: '}', Ln: 16, Col: 54 }
Token { Tipo: Identifier, Lexema: 'Token', Ln: 17, Col: 1 }
Token { Tipo: LeftBrace, Lexema: '{', Ln: 17, Col: 7 }
Token { Tipo: Identifier, Lexema: 'Tipo', Ln: 17, Col: 9 }
Token { Tipo: Colon, Lexema: ':', Ln: 17, Col: 13 }
Token { Tipo: Identifier, Lexema: 'CharLiteral', Ln: 17, Col: 15 }
Token { Tipo: Comma, Lexema: ',', Ln: 17, Col: 26 }
Token { Tipo: Identifier, Lexema: 'Lexema', Ln: 17, Col: 28 }
Token { Tipo: Colon, Lexema: ':', Ln: 17, Col: 34 }
Token { Tipo: CharLiteral, Lexema: 'e', Ln: 17, Col: 36 }
Token { Tipo: Comma, Lexema: ',', Ln: 17, Col: 39 }
Token { Tipo: Identifier, Lexema: 'Ln', Ln: 17, Col: 41 }
Token { Tipo: Colon, Lexema: ':', Ln: 17, Col: 43 }
Token { Tipo: IntegerLiteral, Lexema: '7', Ln: 17, Col: 45 }
Token { Tipo: Comma, Lexema: ',', Ln: 17, Col: 46 }
Token { Tipo: Identifier, Lexema: 'Col', Ln: 17, Col: 48 }
Token { Tipo: Colon, Lexema: ':', Ln: 17, Col: 51 }
Token { Tipo: IntegerLiteral, Lexema: '1', Ln: 17, Col: 53 }
Token { Tipo: RightBrace, Lexema: '}', Ln: 17, Col: 55 }
Token { Tipo: Identifier, Lexema: 'Token', Ln: 18, Col: 1 }
Token { Tipo: LeftBrace, Lexema: '{', Ln: 18, Col: 7 }
Token { Tipo: Identifier, Lexema: 'Tipo', Ln: 18, Col: 9 }
Token { Tipo: Colon, Lexema: ':', Ln: 18, Col: 13 }
Token { Tipo: Identifier, Lexema: 'Identifier', Ln: 18, Col: 15 }
Token { Tipo: Comma, Lexema: ',', Ln: 18, Col: 25 }
Token { Tipo: Identifier, Lexema: 'Lexema', Ln: 18, Col: 27 }
Token { Tipo: Colon, Lexema: ':', Ln: 18, Col: 33 }
Token { Tipo: CharLiteral, Lexema: 's', Ln: 18, Col: 35 }
Token { Tipo: Identifier, Lexema: 'o', Ln: 18, Col: 38 }
Token { Tipo: CharLiteral, Lexema: ',', Ln: 18, Col: 39 }
Token { Tipo: Identifier, Lexema: 'Ln', Ln: 18, Col: 42 }
Token { Tipo: Colon, Lexema: ':', Ln: 18, Col: 44 }
Token { Tipo: IntegerLiteral, Lexema: '7', Ln: 18, Col: 46 }
Token { Tipo: Comma, Lexema: ',', Ln: 18, Col: 47 }
Token { Tipo: Identifier, Lexema: 'Col', Ln: 18, Col: 49 }
Token { Tipo: Colon, Lexema: ':', Ln: 18, Col: 52 }
Token { Tipo: IntegerLiteral, Lexema: '5', Ln: 18, Col: 54 }
Token { Tipo: RightBrace, Lexema: '}', Ln: 18, Col: 56 }
Token { Tipo: Identifier, Lexema: 'Token', Ln: 19, Col: 1 }
Token { Tipo: LeftBrace, Lexema: '{', Ln: 19, Col: 7 }
Token { Tipo: Identifier, Lexema: 'Tipo', Ln: 19, Col: 9 }
Token { Tipo: Colon, Lexema: ':', Ln: 19, Col: 13 }
Token { Tipo: Identifier, Lexema: 'Identifier', Ln: 19, Col: 15 }
Token { Tipo: Comma, Lexema: ',', Ln: 19, Col: 25 }
Token { Tipo: Identifier, Lexema: 'Lexema', Ln: 19, Col: 27 }
Token { Tipo: Colon, Lexema: ':', Ln: 19, Col: 33 }
Token { Tipo: CharLiteral, Lexema: 'e', Ln: 19, Col: 35 }
Token { Tipo: CharLiteral, Lexema: ',', Ln: 19, Col: 38 }
Token { Tipo: Identifier, Lexema: 'Ln', Ln: 19, Col: 41 }
Token { Tipo: Colon, Lexema: ':', Ln: 19, Col: 43 }
Token { Tipo: IntegerLiteral, Lexema: '7', Ln: 19, Col: 45 }
Token { Tipo: Comma, Lexema: ',', Ln: 19, Col: 46 }
Token { Tipo: Identifier, Lexema: 'Col', Ln: 19, Col: 48 }
Token { Tipo: Colon, Lexema: ':', Ln: 19, Col: 51 }
Token { Tipo: IntegerLiteral, Lexema: '9', Ln: 19, Col: 53 }
Token { Tipo: RightBrace, Lexema: '}', Ln: 19, Col: 55 }
Token { Tipo: Identifier, Lexema: 'Token', Ln: 20, Col: 1 }
Token { Tipo: LeftBrace, Lexema: '{', Ln: 20, Col: 7 }
Token { Tipo: Identifier, Lexema: 'Tipo', Ln: 20, Col: 9 }
Token { Tipo: Colon, Lexema: ':', Ln: 20, Col: 13 }
Token { Tipo: Identifier, Lexema: 'Identifier', Ln: 20, Col: 15 }
Token { Tipo: Comma, Lexema: ',', Ln: 20, Col: 25 }
Token { Tipo: Identifier, Lexema: 'Lexema', Ln: 20, Col: 27 }
Token { Tipo: Colon, Lexema: ':', Ln: 20, Col: 33 }
Token { Tipo: CharLiteral, Lexema: 'u', Ln: 20, Col: 35 }
Token { Tipo: Identifier, Lexema: 'a', Ln: 20, Col: 38 }
Token { Tipo: CharLiteral, Lexema: ',', Ln: 20, Col: 39 }
Token { Tipo: Identifier, Lexema: 'Ln', Ln: 20, Col: 42 }
Token { Tipo: Colon, Lexema: ':', Ln: 20, Col: 44 }
Token { Tipo: IntegerLiteral, Lexema: '7', Ln: 20, Col: 46 }
Token { Tipo: Comma, Lexema: ',', Ln: 20, Col: 47 }
Token { Tipo: Identifier, Lexema: 'Col', Ln: 20, Col: 49 }
Token { Tipo: Colon, Lexema: ':', Ln: 20, Col: 52 }
Token { Tipo: IntegerLiteral, Lexema: '12', Ln: 20, Col: 54 }
Token { Tipo: RightBrace, Lexema: '}', Ln: 20, Col: 57 }
Token { Tipo: Identifier, Lexema: 'Token', Ln: 21, Col: 1 }
Token { Tipo: LeftBrace, Lexema: '{', Ln: 21, Col: 7 }
Token { Tipo: Identifier, Lexema: 'Tipo', Ln: 21, Col: 9 }
Token { Tipo: Colon, Lexema: ':', Ln: 21, Col: 13 }
Token { Tipo: Identifier, Lexema: 'Identifier', Ln: 21, Col: 15 }
Token { Tipo: Comma, Lexema: ',', Ln: 21, Col: 25 }
Token { Tipo: Identifier, Lexema: 'Lexema', Ln: 21, Col: 27 }
Token { Tipo: Colon, Lexema: ':', Ln: 21, Col: 33 }
Token { Tipo: CharLiteral, Lexema: 'p', Ln: 21, Col: 35 }
Token { Tipo: Identifier, Lexema: 'ueb', Ln: 21, Col: 38 }
Token { Tipo: CharLiteral, Lexema: ',', Ln: 21, Col: 41 }
Token { Tipo: Identifier, Lexema: 'Ln', Ln: 21, Col: 44 }
Token { Tipo: Colon, Lexema: ':', Ln: 21, Col: 46 }
Token { Tipo: IntegerLiteral, Lexema: '7', Ln: 21, Col: 48 }
Token { Tipo: Comma, Lexema: ',', Ln: 21, Col: 49 }
Token { Tipo: Identifier, Lexema: 'Col', Ln: 21, Col: 51 }
Token { Tipo: Colon, Lexema: ':', Ln: 21, Col: 54 }
Token { Tipo: IntegerLiteral, Lexema: '16', Ln: 21, Col: 56 }
Token { Tipo: RightBrace, Lexema: '}', Ln: 21, Col: 59 }
Token { Tipo: Identifier, Lexema: 'Token', Ln: 22, Col: 1 }
Token { Tipo: LeftBrace, Lexema: '{', Ln: 22, Col: 7 }
Token { Tipo: Identifier, Lexema: 'Tipo', Ln: 22, Col: 9 }
Token { Tipo: Colon, Lexema: ':', Ln: 22, Col: 13 }
Token { Tipo: Identifier, Lexema: 'CharLiteral', Ln: 22, Col: 15 }
Token { Tipo: Comma, Lexema: ',', Ln: 22, Col: 26 }
Token { Tipo: Identifier, Lexema: 'Lexema', Ln: 22, Col: 28 }
Token { Tipo: Colon, Lexema: ':', Ln: 22, Col: 34 }
Token { Tipo: CharLiteral, Lexema: 'a', Ln: 22, Col: 36 }
Token { Tipo: Comma, Lexema: ',', Ln: 22, Col: 39 }
Token { Tipo: Identifier, Lexema: 'Ln', Ln: 22, Col: 41 }
Token { Tipo: Colon, Lexema: ':', Ln: 22, Col: 43 }
Token { Tipo: IntegerLiteral, Lexema: '7', Ln: 22, Col: 45 }
Token { Tipo: Comma, Lexema: ',', Ln: 22, Col: 46 }
Token { Tipo: Identifier, Lexema: 'Col', Ln: 22, Col: 48 }
Token { Tipo: Colon, Lexema: ':', Ln: 22, Col: 51 }
Token { Tipo: IntegerLiteral, Lexema: '21', Ln: 22, Col: 53 }
Token { Tipo: RightBrace, Lexema: '}', Ln: 22, Col: 56 }
Token { Tipo: Identifier, Lexema: 'Token', Ln: 23, Col: 1 }
Token { Tipo: LeftBrace, Lexema: '{', Ln: 23, Col: 7 }
Token { Tipo: Identifier, Lexema: 'Tipo', Ln: 23, Col: 9 }
Token { Tipo: Colon, Lexema: ':', Ln: 23, Col: 13 }
Token { Tipo: Identifier, Lexema: 'Identifier', Ln: 23, Col: 15 }
Token { Tipo: Comma, Lexema: ',', Ln: 23, Col: 25 }
Token { Tipo: Identifier, Lexema: 'Lexema', Ln: 23, Col: 27 }
Token { Tipo: Colon, Lexema: ':', Ln: 23, Col: 33 }
Token { Tipo: CharLiteral, Lexema: 'd', Ln: 23, Col: 35 }
Token { Tipo: Identifier, Lexema: 'f', Ln: 23, Col: 38 }
Token { Tipo: CharLiteral, Lexema: ',', Ln: 23, Col: 39 }
Token { Tipo: Identifier, Lexema: 'Ln', Ln: 23, Col: 42 }
Token { Tipo: Colon, Lexema: ':', Ln: 23, Col: 44 }
Token { Tipo: IntegerLiteral, Lexema: '8', Ln: 23, Col: 46 }
Token { Tipo: Comma, Lexema: ',', Ln: 23, Col: 47 }
Token { Tipo: Identifier, Lexema: 'Col', Ln: 23, Col: 49 }
Token { Tipo: Colon, Lexema: ':', Ln: 23, Col: 52 }
Token { Tipo: IntegerLiteral, Lexema: '25', Ln: 23, Col: 54 }
Token { Tipo: RightBrace, Lexema: '}', Ln: 23, Col: 57 }
Token { Tipo: Identifier, Lexema: 'Token', Ln: 24, Col: 1 }
Token { Tipo: LeftBrace, Lexema: '{', Ln: 24, Col: 7 }
Token { Tipo: Identifier, Lexema: 'Tipo', Ln: 24, Col: 9 }
Token { Tipo: Colon, Lexema: ':', Ln: 24, Col: 13 }
Token { Tipo: Identifier, Lexema: 'IntegerLiteral', Ln: 24, Col: 15 }
Token { Tipo: Comma, Lexema: ',', Ln: 24, Col: 29 }
Token { Tipo: Identifier, Lexema: 'Lexema', Ln: 24, Col: 31 }
Token { Tipo: Colon, Lexema: ':', Ln: 24, Col: 37 }
Token { Tipo: CharLiteral, Lexema: '3', Ln: 24, Col: 39 }
Token { Tipo: IntegerLiteral, Lexema: '5', Ln: 24, Col: 42 }
Token { Tipo: CharLiteral, Lexema: ',', Ln: 24, Col: 43 }
Token { Tipo: Identifier, Lexema: 'Ln', Ln: 24, Col: 46 }
Token { Tipo: Colon, Lexema: ':', Ln: 24, Col: 48 }
Token { Tipo: IntegerLiteral, Lexema: '10', Ln: 24, Col: 50 }
Token { Tipo: Comma, Lexema: ',', Ln: 24, Col: 52 }
Token { Tipo: Identifier, Lexema: 'Col', Ln: 24, Col: 54 }
Token { Tipo: Colon, Lexema: ':', Ln: 24, Col: 57 }
Token { Tipo: IntegerLiteral, Lexema: '1', Ln: 24, Col: 59 }
Token { Tipo: RightBrace, Lexema: '}', Ln: 24, Col: 61 }
Token { Tipo: Identifier, Lexema: 'Token', Ln: 25, Col: 1 }
Token { Tipo: LeftBrace, Lexema: '{', Ln: 25, Col: 7 }
Token { Tipo: Identifier, Lexema: 'Tipo', Ln: 25, Col: 9 }
Token { Tipo: Colon, Lexema: ':', Ln: 25, Col: 13 }
Token { Tipo: Identifier, Lexema: 'Period', Ln: 25, Col: 15 }
Token { Tipo: Comma, Lexema: ',', Ln: 25, Col: 21 }
Token { Tipo: Identifier, Lexema: 'Lexema', Ln: 25, Col: 23 }
Token { Tipo: Colon, Lexema: ':', Ln: 25, Col: 29 }
Token { Tipo: CharLiteral, Lexema: '.', Ln: 25, Col: 31 }
Token { Tipo: Comma, Lexema: ',', Ln: 25, Col: 34 }
Token { Tipo: Identifier, Lexema: 'Ln', Ln: 25, Col: 36 }
Token { Tipo: Colon, Lexema: ':', Ln: 25, Col: 38 }
Token { Tipo: IntegerLiteral, Lexema: '10', Ln: 25, Col: 40 }
Token { Tipo: Comma, Lexema: ',', Ln: 25, Col: 42 }
Token { Tipo: Identifier, Lexema: 'Col', Ln: 25, Col: 44 }
Token { Tipo: Colon, Lexema: ':', Ln: 25, Col: 47 }
Token { Tipo: IntegerLiteral, Lexema: '4', Ln: 25, Col: 49 }
Token { Tipo: RightBrace, Lexema: '}', Ln: 25, Col: 51 }
Token { Tipo: Identifier, Lexema: 'Token', Ln: 26, Col: 1 }
Token { Tipo: LeftBrace, Lexema: '{', Ln: 26, Col: 7 }
Token { Tipo: Identifier, Lexema: 'Tipo', Ln: 26, Col: 9 }
Token { Tipo: Colon, Lexema: ':', Ln: 26, Col: 13 }
Token { Tipo: Identifier, Lexema: 'Equals', Ln: 26, Col: 15 }
Token { Tipo: Comma, Lexema: ',', Ln: 26, Col: 21 }
Token { Tipo: Identifier, Lexema: 'Lexema', Ln: 26, Col: 23 }
Token { Tipo: Colon, Lexema: ':', Ln: 26, Col: 29 }
Token { Tipo: CharLiteral, Lexema: ':', Ln: 26, Col: 31 }
Token { Tipo: CharLiteral, Lexema: ',', Ln: 26, Col: 34 }
Token { Tipo: Identifier, Lexema: 'Ln', Ln: 26, Col: 37 }
Token { Tipo: Colon, Lexema: ':', Ln: 26, Col: 39 }
Token { Tipo: IntegerLiteral, Lexema: '12', Ln: 26, Col: 41 }
Token { Tipo: Comma, Lexema: ',', Ln: 26, Col: 43 }
Token { Tipo: Identifier, Lexema: 'Col', Ln: 26, Col: 45 }
Token { Tipo: Colon, Lexema: ':', Ln: 26, Col: 48 }
Token { Tipo: IntegerLiteral, Lexema: '1', Ln: 26, Col: 50 }
Token { Tipo: RightBrace, Lexema: '}', Ln: 26, Col: 52 }
Token { Tipo: Identifier, Lexema: 'Token', Ln: 27, Col: 1 }
Token { Tipo: LeftBrace, Lexema: '{', Ln: 27, Col: 7 }
Token { Tipo: Identifier, Lexema: 'Tipo', Ln: 27, Col: 9 }
Token { Tipo: Colon, Lexema: ':', Ln: 27, Col: 13 }
Token { Tipo: Identifier, Lexema: 'Identifier', Ln: 27, Col: 15 }
Token { Tipo: Comma, Lexema: ',', Ln: 27, Col: 25 }
Token { Tipo: Identifier, Lexema: 'Lexema', Ln: 27, Col: 27 }
Token { Tipo: Colon, Lexema: ':', Ln: 27, Col: 33 }
Token { Tipo: CharLiteral, Lexema: 'f', Ln: 27, Col: 35 }
Token { Tipo: Identifier, Lexema: 'n', Ln: 27, Col: 38 }
Token { Tipo: CharLiteral, Lexema: ',', Ln: 27, Col: 39 }
Token { Tipo: Identifier, Lexema: 'Ln', Ln: 27, Col: 42 }
Token { Tipo: Colon, Lexema: ':', Ln: 27, Col: 44 }
Token { Tipo: IntegerLiteral, Lexema: '12', Ln: 27, Col: 46 }
Token { Tipo: Comma, Lexema: ',', Ln: 27, Col: 48 }
Token { Tipo: Identifier, Lexema: 'Col', Ln: 27, Col: 50 }
Token { Tipo: Colon, Lexema: ':', Ln: 27, Col: 53 }
Token { Tipo: IntegerLiteral, Lexema: '3', Ln: 27, Col: 55 }
Token { Tipo: RightBrace, Lexema: '}', Ln: 27, Col: 57 }
Token { Tipo: Identifier, Lexema: 'Token', Ln: 28, Col: 1 }
Token { Tipo: LeftBrace, Lexema: '{', Ln: 28, Col: 7 }
Token { Tipo: Identifier, Lexema: 'Tipo', Ln: 28, Col: 9 }
Token { Tipo: Colon, Lexema: ':', Ln: 28, Col: 13 }
Token { Tipo: Identifier, Lexema: 'EOF', Ln: 28, Col: 15 }
Token { Tipo: Comma, Lexema: ',', Ln: 28, Col: 18 }
Token { Tipo: Identifier, Lexema: 'Lexema', Ln: 28, Col: 20 }
Token { Tipo: Colon, Lexema: ':', Ln: 28, Col: 26 }
Token { Tipo: CharLiteral, Lexema: ''', Ln: 28, Col: 28 }
Token { Tipo: Identifier, Lexema: 'Ln', Ln: 28, Col: 32 }
Token { Tipo: Colon, Lexema: ':', Ln: 28, Col: 34 }
Token { Tipo: IntegerLiteral, Lexema: '12', Ln: 28, Col: 36 }
Token { Tipo: Comma, Lexema: ',', Ln: 28, Col: 38 }
Token { Tipo: Identifier, Lexema: 'Col', Ln: 28, Col: 40 }
Token { Tipo: Colon, Lexema: ':', Ln: 28, Col: 43 }
Token { Tipo: IntegerLiteral, Lexema: '6', Ln: 28, Col: 45 }
Token { Tipo: RightBrace, Lexema: '}', Ln: 28, Col: 47 }
Token { Tipo: EOF, Lexema: '', Ln: 28, Col: 48 }
